<?xml version="1.0" encoding="UTF-8"?>
<!-- Generated by org.testng.reporters.JUnitReportReporter -->
<testsuite skipped="0" hostname="LAPTOP-EETMMJVA" name="RestAssured.ValidateHeader" tests="1" failures="0" timestamp="22 Jul 2019 18:44:31 GMT" time="3.000" errors="0">
  <testcase name="validateHeader" time="3.000" classname="RestAssured.ValidateHeader"/>
</testsuite> <!-- RestAssured.ValidateHeader -->
