<?xml version="1.0" encoding="UTF-8"?>
<!-- Generated by org.testng.reporters.JUnitReportReporter -->
<testsuite skipped="0" hostname="LAPTOP-EETMMJVA" name="RestAssured.ValidateHeader" tests="1" failures="0" timestamp="22 Jul 2019 19:02:37 GMT" time="4.466" errors="0">
  <testcase name="validateHeader" time="4.466" classname="RestAssured.ValidateHeader"/>
</testsuite> <!-- RestAssured.ValidateHeader -->
