<?xml version="1.0" encoding="UTF-8"?>
<!-- Generated by org.testng.reporters.JUnitReportReporter -->
<testsuite skipped="0" hostname="LAPTOP-EETMMJVA" name="RestAssured.GetPostRequest" tests="1" failures="0" timestamp="22 Jul 2019 16:55:08 GMT" time="2.712" errors="0">
  <testcase name="getWetherDetails" time="2.712" classname="RestAssured.GetPostRequest"/>
</testsuite> <!-- RestAssured.GetPostRequest -->
