<?xml version="1.0" encoding="UTF-8"?>
<!-- Generated by org.testng.reporters.JUnitReportReporter -->
<testsuite skipped="0" hostname="LAPTOP-EETMMJVA" name="RestAssured.PostCall" tests="1" failures="0" timestamp="22 Jul 2019 18:11:44 GMT" time="3.114" errors="0">
  <testcase name="Post_request" time="3.114" classname="RestAssured.PostCall"/>
</testsuite> <!-- RestAssured.PostCall -->
